TN:
SF:index.js
FN:13,getVersion
FNF:1
FNH:1
FNDA:1,getVersion
DA:14,1
LF:1
LH:1
BRF:0
BRH:0
end_of_record
TN:
SF:lib/constant.js
FNF:0
FNH:0
DA:1,1
DA:2,1
LF:2
LH:2
BRF:0
BRH:0
end_of_record
TN:
SF:lib/cookies.js
FN:10,get
FN:36,set
FN:74,has
FN:90,remove
FN:107,keys
FNF:5
FNH:5
FNDA:1,get
FNDA:4,set
FNDA:2,has
FNDA:1,remove
FNDA:1,keys
DA:11,1
DA:37,4
DA:38,0
DA:40,4
DA:41,4
DA:42,0
DA:44,0
DA:48,0
DA:50,0
DA:51,0
DA:53,0
DA:54,0
DA:57,4
DA:65,4
DA:75,2
DA:91,1
DA:92,0
DA:94,1
DA:99,1
DA:108,1
DA:111,1
DA:112,1
DA:114,1
LF:23
LH:14
BRDA:12,0,0,1
BRDA:12,0,1,0
BRDA:37,1,0,0
BRDA:37,1,1,4
BRDA:37,2,0,4
BRDA:37,2,1,4
BRDA:41,3,0,0
BRDA:41,3,1,4
BRDA:42,4,0,0
BRDA:42,4,1,0
BRDA:42,4,2,0
BRDA:45,5,0,0
BRDA:45,5,1,0
BRDA:62,6,0,0
BRDA:62,6,1,4
BRDA:63,7,0,0
BRDA:63,7,1,4
BRDA:64,8,0,0
BRDA:64,8,1,4
BRDA:91,9,0,0
BRDA:91,9,1,1
BRDA:91,10,0,1
BRDA:91,10,1,1
BRDA:97,11,0,0
BRDA:97,11,1,1
BRDA:98,12,0,0
BRDA:98,12,1,1
BRF:27
BRH:13
end_of_record
TN:
SF:lib/data.js
FN:9,deepFreeZe
FN:11,(anonymous_1)
FNF:2
FNH:2
FNDA:2,deepFreeZe
FNDA:1,(anonymous_1)
DA:10,2
DA:11,2
DA:12,1
DA:13,1
DA:14,1
DA:17,2
LF:6
LH:6
BRDA:13,0,0,1
BRDA:13,0,1,0
BRDA:13,1,0,1
BRDA:13,1,1,1
BRF:4
BRH:3
end_of_record
TN:
SF:lib/element.js
FN:9,getDOMRect
FN:20,getPosition
FNF:2
FNH:2
FNDA:8,getDOMRect
FNDA:2,getPosition
DA:10,8
DA:21,2
DA:22,2
DA:24,2
DA:28,2
DA:31,2
LF:6
LH:6
BRDA:11,0,0,8
BRDA:11,0,1,8
BRDA:11,0,2,0
BRDA:22,1,0,2
BRDA:22,1,1,0
BRDA:24,2,0,2
BRDA:24,2,1,2
BRDA:24,2,2,2
BRDA:26,3,0,2
BRDA:26,3,1,0
BRDA:28,4,0,2
BRDA:28,4,1,2
BRDA:28,4,2,2
BRDA:30,5,0,2
BRDA:30,5,1,0
BRF:15
BRH:11
end_of_record
TN:
SF:lib/generator.js
FN:7,randomSimple
FNF:1
FNH:1
FNDA:1,randomSimple
DA:8,1
LF:1
LH:1
BRF:0
BRH:0
end_of_record
TN:
SF:lib/judge.js
FN:18,isNull
FN:27,isString
FN:36,isNumber
FN:45,isSymbol
FN:54,isUndefined
FN:63,isBoolean
FN:73,isBigInt
FN:82,isFunction
FN:91,isObject
FN:101,isPrototype
FN:115,isArray
FN:125,isMap
FN:134,isWeakMap
FN:143,isSet
FN:152,isWeakSet
FN:161,isError
FN:170,(anonymous_16)
FN:183,isScreenXS
FN:193,isScreenSM
FN:203,isScreenMD
FN:213,isScreenLG
FN:223,isScreenXL
FN:233,isEmpty
FN:258,isDate
FNF:24
FNH:24
FNDA:2,isNull
FNDA:2,isString
FNDA:4,isNumber
FNDA:2,isSymbol
FNDA:3,isUndefined
FNDA:4,isBoolean
FNDA:2,isBigInt
FNDA:9,isFunction
FNDA:9,isObject
FNDA:2,isPrototype
FNDA:10,isArray
FNDA:2,isMap
FNDA:1,isWeakMap
FNDA:1,isSet
FNDA:1,isWeakSet
FNDA:1,isError
FNDA:1,(anonymous_16)
FNDA:1,isScreenXS
FNDA:1,isScreenSM
FNDA:1,isScreenMD
FNDA:1,isScreenLG
FNDA:1,isScreenXL
FNDA:10,isEmpty
FNDA:2,isDate
DA:19,2
DA:28,2
DA:37,4
DA:46,2
DA:55,3
DA:64,4
DA:74,2
DA:83,9
DA:92,9
DA:93,9
DA:102,2
DA:103,2
DA:105,2
DA:106,2
DA:116,10
DA:126,2
DA:135,1
DA:144,1
DA:153,1
DA:162,1
DA:171,1
DA:184,1
DA:185,1
DA:194,1
DA:195,1
DA:204,1
DA:205,1
DA:214,1
DA:215,1
DA:224,1
DA:225,1
DA:235,10
DA:236,4
DA:238,6
DA:239,1
DA:240,5
DA:241,5
DA:242,0
DA:248,0
DA:250,0
DA:259,2
LF:41
LH:38
BRDA:64,0,0,4
BRDA:64,0,1,3
BRDA:93,1,0,9
BRDA:93,1,1,8
BRDA:93,1,2,1
BRDA:103,2,0,2
BRDA:103,2,1,2
BRDA:105,3,0,2
BRDA:105,3,1,2
BRDA:105,3,2,0
BRDA:195,4,0,1
BRDA:195,4,1,1
BRDA:205,5,0,1
BRDA:205,5,1,1
BRDA:215,6,0,1
BRDA:215,6,1,1
BRDA:235,7,0,4
BRDA:235,7,1,6
BRDA:238,8,0,1
BRDA:238,8,1,5
BRDA:240,9,0,5
BRDA:240,9,1,0
BRDA:242,10,0,0
BRDA:242,10,1,0
BRDA:243,11,0,0
BRDA:243,11,1,0
BRDA:243,11,2,0
BRDA:243,11,3,0
BRF:28
BRH:20
end_of_record
TN:
SF:lib/logger.js
FN:8,timing
FN:14,timeConsuming
FNF:2
FNH:0
FNDA:0,timing
FNDA:0,timeConsuming
DA:9,0
DA:10,0
DA:11,0
DA:15,0
DA:16,0
DA:17,0
DA:18,0
DA:19,0
LF:8
LH:0
BRDA:8,0,0,0
BRDA:10,1,0,0
BRDA:10,1,1,0
BRDA:16,2,0,0
BRDA:16,2,1,0
BRF:5
BRH:0
end_of_record
TN:
SF:lib/url.js
FN:8,getQueryParameters
FN:15,(anonymous_1)
FN:27,getQueryParametersByRegExp
FN:29,(anonymous_3)
FN:41,getQueryParameterByRegExp
FNF:5
FNH:5
FNDA:1,getQueryParameters
FNDA:2,(anonymous_1)
FNDA:1,getQueryParametersByRegExp
FNDA:2,(anonymous_3)
FNDA:1,getQueryParameterByRegExp
DA:9,1
DA:10,1
DA:11,0
DA:13,1
DA:14,1
DA:15,1
DA:16,2
DA:17,2
DA:19,1
DA:28,1
DA:29,1
DA:30,2
DA:32,1
DA:42,1
DA:43,1
DA:44,1
LF:16
LH:15
BRDA:10,0,0,0
BRDA:10,0,1,1
BRDA:44,1,0,0
BRDA:44,1,1,1
BRF:4
BRH:2
end_of_record
