TN:
SF:index.js
FN:10,getVersion
FNF:1
FNH:1
FNDA:1,getVersion
DA:11,1
LF:1
LH:1
BRF:0
BRH:0
end_of_record
TN:
SF:lib/cookies.js
FN:10,get
FN:36,set
FN:74,has
FN:90,remove
FN:107,keys
FNF:5
FNH:5
FNDA:1,get
FNDA:4,set
FNDA:2,has
FNDA:1,remove
FNDA:1,keys
DA:11,1
DA:37,4
DA:38,0
DA:40,4
DA:41,4
DA:42,0
DA:44,0
DA:48,0
DA:50,0
DA:51,0
DA:53,0
DA:54,0
DA:57,4
DA:65,4
DA:75,2
DA:91,1
DA:92,0
DA:94,1
DA:99,1
DA:108,1
DA:111,1
DA:112,1
DA:114,1
LF:23
LH:14
BRDA:12,0,0,1
BRDA:12,0,1,0
BRDA:37,1,0,0
BRDA:37,1,1,4
BRDA:37,2,0,4
BRDA:37,2,1,4
BRDA:41,3,0,0
BRDA:41,3,1,4
BRDA:42,4,0,0
BRDA:42,4,1,0
BRDA:42,4,2,0
BRDA:45,5,0,0
BRDA:45,5,1,0
BRDA:62,6,0,0
BRDA:62,6,1,4
BRDA:63,7,0,0
BRDA:63,7,1,4
BRDA:64,8,0,0
BRDA:64,8,1,4
BRDA:91,9,0,0
BRDA:91,9,1,1
BRDA:91,10,0,1
BRDA:91,10,1,1
BRDA:97,11,0,0
BRDA:97,11,1,1
BRDA:98,12,0,0
BRDA:98,12,1,1
BRF:27
BRH:13
end_of_record
TN:
SF:lib/element.js
FN:9,getDOMRect
FN:20,getPosition
FNF:2
FNH:2
FNDA:2,getDOMRect
FNDA:1,getPosition
DA:10,2
DA:21,1
DA:23,1
DA:31,0
DA:38,0
LF:5
LH:3
BRDA:11,0,0,2
BRDA:11,0,1,2
BRDA:11,0,2,0
BRDA:23,1,0,1
BRDA:23,1,1,1
BRDA:23,1,2,1
BRDA:25,2,0,0
BRDA:25,2,1,0
BRDA:25,3,0,1
BRDA:25,3,1,0
BRDA:25,3,2,0
BRDA:31,4,0,0
BRDA:31,4,1,0
BRDA:31,4,2,0
BRDA:33,5,0,0
BRDA:33,5,1,0
BRDA:33,6,0,0
BRDA:33,6,1,0
BRDA:33,6,2,0
BRF:19
BRH:6
end_of_record
TN:
SF:lib/generator.js
FN:3,randomSimple
FNF:1
FNH:1
FNDA:1,randomSimple
DA:4,1
LF:1
LH:1
BRF:0
BRH:0
end_of_record
TN:
SF:lib/judge.js
FN:17,isNull
FN:26,isString
FN:35,isNumber
FN:44,isSymbol
FN:53,isUndefined
FN:62,isBoolean
FN:72,isBigInt
FN:81,isFunction
FN:85,isObject
FN:87,isMap
FN:89,isWeekMap
FN:91,isSet
FN:93,isWeakSet
FN:95,isDate
FN:97,isMatch
FN:99,isEqual
FN:101,isError
FN:103,isEmpty
FN:105,isBuffer
FN:107,isDOM
FN:111,isSmallDevice
FN:113,isExtraSmallDevice
FN:115,isMediumDevice
FN:117,isLargeDevice
FN:119,isExtraLargeDevice
FNF:25
FNH:8
FNDA:2,isNull
FNDA:2,isString
FNDA:4,isNumber
FNDA:2,isSymbol
FNDA:3,isUndefined
FNDA:4,isBoolean
FNDA:2,isBigInt
FNDA:7,isFunction
FNDA:0,isObject
FNDA:0,isMap
FNDA:0,isWeekMap
FNDA:0,isSet
FNDA:0,isWeakSet
FNDA:0,isDate
FNDA:0,isMatch
FNDA:0,isEqual
FNDA:0,isError
FNDA:0,isEmpty
FNDA:0,isBuffer
FNDA:0,isDOM
FNDA:0,isSmallDevice
FNDA:0,isExtraSmallDevice
FNDA:0,isMediumDevice
FNDA:0,isLargeDevice
FNDA:0,isExtraLargeDevice
DA:18,2
DA:27,2
DA:36,4
DA:45,2
DA:54,3
DA:63,4
DA:73,2
DA:82,7
LF:8
LH:8
BRDA:63,0,0,4
BRDA:63,0,1,3
BRF:2
BRH:2
end_of_record
TN:
SF:lib/logger.js
FN:7,timeConsuming
FNF:1
FNH:0
FNDA:0,timeConsuming
DA:8,0
DA:9,0
DA:10,0
DA:11,0
LF:4
LH:0
BRF:0
BRH:0
end_of_record
TN:
SF:lib/url.js
FN:8,getQueryParameters
FN:15,(anonymous_1)
FN:27,getQueryParametersByRegExp
FN:29,(anonymous_3)
FN:41,getQueryParameterByRegExp
FNF:5
FNH:5
FNDA:1,getQueryParameters
FNDA:2,(anonymous_1)
FNDA:1,getQueryParametersByRegExp
FNDA:2,(anonymous_3)
FNDA:1,getQueryParameterByRegExp
DA:9,1
DA:10,1
DA:11,0
DA:13,1
DA:14,1
DA:15,1
DA:16,2
DA:17,2
DA:19,1
DA:28,1
DA:29,1
DA:30,2
DA:32,1
DA:42,1
DA:43,1
DA:44,1
LF:16
LH:15
BRDA:10,0,0,0
BRDA:10,0,1,1
BRDA:44,1,0,0
BRDA:44,1,1,1
BRF:4
BRH:2
end_of_record
